Determining if the pthread_create exist failed with the following output:
Change Dir: /home/flyn/Documents/udacity ROS/gazeboworld/myrobot/build/CMakeFiles/CMakeTmp

Run Build Command:"/usr/bin/make" "cmTC_78d87/fast"
/usr/bin/make -f CMakeFiles/cmTC_78d87.dir/build.make CMakeFiles/cmTC_78d87.dir/build
make[1]: Entering directory '/home/flyn/Documents/udacity ROS/gazeboworld/myrobot/build/CMakeFiles/CMakeTmp'
Building C object CMakeFiles/cmTC_78d87.dir/CheckSymbolExists.c.o
/usr/bin/cc    -o CMakeFiles/cmTC_78d87.dir/CheckSymbolExists.c.o   -c "/home/flyn/Documents/udacity ROS/gazeboworld/myrobot/build/CMakeFiles/CMakeTmp/CheckSymbolExists.c"
Linking C executable cmTC_78d87
/usr/bin/cmake -E cmake_link_script CMakeFiles/cmTC_78d87.dir/link.txt --verbose=1
/usr/bin/cc      -rdynamic CMakeFiles/cmTC_78d87.dir/CheckSymbolExists.c.o  -o cmTC_78d87 
CMakeFiles/cmTC_78d87.dir/CheckSymbolExists.c.o: In function `main':
CheckSymbolExists.c:(.text+0x1b): undefined reference to `pthread_create'
collect2: error: ld returned 1 exit status
CMakeFiles/cmTC_78d87.dir/build.make:97: recipe for target 'cmTC_78d87' failed
make[1]: *** [cmTC_78d87] Error 1
make[1]: Leaving directory '/home/flyn/Documents/udacity ROS/gazeboworld/myrobot/build/CMakeFiles/CMakeTmp'
Makefile:126: recipe for target 'cmTC_78d87/fast' failed
make: *** [cmTC_78d87/fast] Error 2

File /home/flyn/Documents/udacity ROS/gazeboworld/myrobot/build/CMakeFiles/CMakeTmp/CheckSymbolExists.c:
/* */
#include <pthread.h>

int main(int argc, char** argv)
{
  (void)argv;
#ifndef pthread_create
  return ((int*)(&pthread_create))[argc];
#else
  (void)argc;
  return 0;
#endif
}

Determining if the function pthread_create exists in the pthreads failed with the following output:
Change Dir: /home/flyn/Documents/udacity ROS/gazeboworld/myrobot/build/CMakeFiles/CMakeTmp

Run Build Command:"/usr/bin/make" "cmTC_805fc/fast"
/usr/bin/make -f CMakeFiles/cmTC_805fc.dir/build.make CMakeFiles/cmTC_805fc.dir/build
make[1]: Entering directory '/home/flyn/Documents/udacity ROS/gazeboworld/myrobot/build/CMakeFiles/CMakeTmp'
Building C object CMakeFiles/cmTC_805fc.dir/CheckFunctionExists.c.o
/usr/bin/cc   -DCHECK_FUNCTION_EXISTS=pthread_create   -o CMakeFiles/cmTC_805fc.dir/CheckFunctionExists.c.o   -c /usr/share/cmake-3.10/Modules/CheckFunctionExists.c
Linking C executable cmTC_805fc
/usr/bin/cmake -E cmake_link_script CMakeFiles/cmTC_805fc.dir/link.txt --verbose=1
/usr/bin/cc  -DCHECK_FUNCTION_EXISTS=pthread_create    -rdynamic CMakeFiles/cmTC_805fc.dir/CheckFunctionExists.c.o  -o cmTC_805fc -lpthreads 
/usr/bin/ld: cannot find -lpthreads
collect2: error: ld returned 1 exit status
CMakeFiles/cmTC_805fc.dir/build.make:97: recipe for target 'cmTC_805fc' failed
make[1]: *** [cmTC_805fc] Error 1
make[1]: Leaving directory '/home/flyn/Documents/udacity ROS/gazeboworld/myrobot/build/CMakeFiles/CMakeTmp'
Makefile:126: recipe for target 'cmTC_805fc/fast' failed
make: *** [cmTC_805fc/fast] Error 2


